Starting watcher on /umbc/class/cmsc447sp26/common/Accessibility-Needs-Project/backend/fileUploadLocation at Tue Apr 14 02:37:48 PM EDT 2026
Tue Apr 14 02:38:43 PM EDT 2026: Found new file - jqfakm_calc_questions.pdf
Starting watcher on /umbc/class/cmsc447sp26/common/Accessibility-Needs-Project/backend/fileUploadLocation at Fri Apr 17 01:59:04 PM EDT 2026
Starting watcher on /umbc/class/cmsc447sp26/common/Accessibility-Needs-Project/backend/fileUploadLocation at Fri Apr 17 05:23:46 PM EDT 2026
Starting watcher on /umbc/class/cmsc447sp26/common/Accessibility-Needs-Project/backend/fileUploadLocation at Sun Apr 19 08:45:06 AM EDT 2026
Starting watcher on /umbc/class/cmsc447sp26/common/Accessibility-Needs-Project/backend/fileUploadLocation at Sun Apr 19 07:53:40 PM EDT 2026
Starting watcher on /umbc/class/cmsc447sp26/common/Accessibility-Needs-Project/backend/fileUploadLocation at Wed Apr 22 12:21:08 PM EDT 2026
Starting watcher on /umbc/class/cmsc447sp26/common/Accessibility-Needs-Project/backend/fileUploadLocation at Thu Apr 23 10:34:50 AM EDT 2026
Watcher started at Wed Apr 29 11:30:44 AM EDT 2026. Monitoring: /umbc/class/cmsc447sp26/common/Accessibility-Needs-Project/backend/fileUploadLocation
Wed Apr 29 11:31:44 AM EDT 2026: New submission detected: JOB_20260429_113059_TFUM
Wed Apr 29 11:31:44 AM EDT 2026: JOB_20260429_113059_TFUM submitted to SLURM with ID: 169626
JOB_INSERT_SUCCESS:169626
Wed Apr 29 11:31:44 AM EDT 2026: Database successfully updated for JOB_20260429_113059_TFUM
Watcher started at Fri May  1 02:03:56 PM EDT 2026. Monitoring: /umbc/class/cmsc447sp26/common/Accessibility-Needs-Project/backend/fileUploadLocation
Fri May  1 02:11:34 PM EDT 2026: New submission detected: JOB_20260501_141110_RHDJ
Fri May  1 02:11:34 PM EDT 2026: JOB_20260501_141110_RHDJ submitted to SLURM with ID: 170869
JOB_INSERT_SUCCESS:170869
Fri May  1 02:11:34 PM EDT 2026: Database successfully updated for JOB_20260501_141110_RHDJ
Watcher started at Fri May  1 02:33:29 PM EDT 2026. Monitoring: /umbc/class/cmsc447sp26/common/Accessibility-Needs-Project/backend/fileUploadLocation
Fri May  1 02:34:59 PM EDT 2026: New submission detected: JOB_20260501_143407_LXOH
Fri May  1 02:34:59 PM EDT 2026: JOB_20260501_143407_LXOH submitted to SLURM with ID: 170872
JOB_INSERT_SUCCESS:170872
Fri May  1 02:34:59 PM EDT 2026: Database successfully updated for JOB_20260501_143407_LXOH
Fri May  1 02:35:29 PM EDT 2026: New submission detected: JOB_20260501_143407_LXOH
Fri May  1 02:35:30 PM EDT 2026: JOB_20260501_143407_LXOH submitted to SLURM with ID: 170873
JOB_INSERT_SUCCESS:170873
Fri May  1 02:35:30 PM EDT 2026: Database successfully updated for JOB_20260501_143407_LXOH
Fri May  1 03:38:30 PM EDT 2026: New submission detected: JOB_20260501_153756_BIRH
Fri May  1 03:38:30 PM EDT 2026: JOB_20260501_153756_BIRH submitted to SLURM with ID: 170886
JOB_INSERT_SUCCESS:170886
Fri May  1 03:38:30 PM EDT 2026: Database successfully updated for JOB_20260501_153756_BIRH
Fri May  1 05:11:32 PM EDT 2026: New submission detected: JOB_20260501_171056_VIHP
Fri May  1 05:11:32 PM EDT 2026: JOB_20260501_171056_VIHP submitted to SLURM with ID: 170895
JOB_INSERT_SUCCESS:170895
Fri May  1 05:11:32 PM EDT 2026: Database successfully updated for JOB_20260501_171056_VIHP
Fri May  1 05:28:03 PM EDT 2026: New submission detected: JOB_20260501_172708_TXDH
Fri May  1 05:28:03 PM EDT 2026: JOB_20260501_172708_TXDH submitted to SLURM with ID: 170897
JOB_INSERT_SUCCESS:170897
Fri May  1 05:28:03 PM EDT 2026: Database successfully updated for JOB_20260501_172708_TXDH
Fri May  1 05:41:03 PM EDT 2026: New submission detected: JOB_20260501_174013_IZOG
Fri May  1 05:41:03 PM EDT 2026: JOB_20260501_174013_IZOG submitted to SLURM with ID: 170899
JOB_INSERT_SUCCESS:170899
Fri May  1 05:41:03 PM EDT 2026: Database successfully updated for JOB_20260501_174013_IZOG
Watcher started at Sat May  2 02:55:38 PM EDT 2026. Monitoring: /umbc/class/cmsc447sp26/common/Accessibility-Needs-Project/backend/fileUploadLocation
Watcher started at Sat May  2 03:01:01 PM EDT 2026. Monitoring: /umbc/class/cmsc447sp26/common/Accessibility-Needs-Project/backend/fileUploadLocation
Sat May  2 04:55:34 PM EDT 2026: New submission detected: JOB_20260502_165504_VUQY
Sat May  2 04:55:34 PM EDT 2026: JOB_20260502_165504_VUQY submitted to SLURM with ID: 170979
JOB_INSERT_SUCCESS:170979
Sat May  2 04:55:34 PM EDT 2026: Database successfully updated for JOB_20260502_165504_VUQY
Sat May  2 05:22:05 PM EDT 2026: New submission detected: JOB_20260502_172119_DUWP
Sat May  2 05:22:05 PM EDT 2026: JOB_20260502_172119_DUWP submitted to SLURM with ID: 170982
JOB_INSERT_SUCCESS:170982
Sat May  2 05:22:05 PM EDT 2026: Database successfully updated for JOB_20260502_172119_DUWP
Sat May  2 05:24:36 PM EDT 2026: New submission detected: JOB_20260502_172359_FYCM
Sat May  2 05:24:36 PM EDT 2026: JOB_20260502_172359_FYCM submitted to SLURM with ID: 170983
JOB_INSERT_SUCCESS:170983
Sat May  2 05:24:36 PM EDT 2026: Database successfully updated for JOB_20260502_172359_FYCM
Sat May  2 05:36:36 PM EDT 2026: New submission detected: JOB_20260502_173555_JQHU
Sat May  2 05:36:36 PM EDT 2026: JOB_20260502_173555_JQHU submitted to SLURM with ID: 170984
JOB_INSERT_SUCCESS:170984
Sat May  2 05:36:36 PM EDT 2026: Database successfully updated for JOB_20260502_173555_JQHU
Sat May  2 06:47:10 PM EDT 2026: New submission detected: JOB_20260502_184636_IRXS
Sat May  2 06:47:10 PM EDT 2026: JOB_20260502_184636_IRXS submitted to SLURM with ID: 170989
JOB_INSERT_SUCCESS:170989
Sat May  2 06:47:10 PM EDT 2026: Database successfully updated for JOB_20260502_184636_IRXS
Sat May  2 08:29:17 PM EDT 2026: New submission detected: JOB_20260502_202844_EWAF
Sat May  2 08:29:17 PM EDT 2026: JOB_20260502_202844_EWAF submitted to SLURM with ID: 171016
JOB_INSERT_SUCCESS:171016
Sat May  2 08:29:17 PM EDT 2026: Database successfully updated for JOB_20260502_202844_EWAF
Watcher started at Sat May  2 08:40:09 PM EDT 2026. Monitoring: /umbc/class/cmsc447sp26/common/Accessibility-Needs-Project/backend/fileUploadLocation
Sat May  2 08:41:40 PM EDT 2026: New submission detected: JOB_20260502_204114_WBCS
Sat May  2 08:41:40 PM EDT 2026: JOB_20260502_204114_WBCS submitted to SLURM with ID: 171018
JOB_INSERT_SUCCESS:171018
Sat May  2 08:41:40 PM EDT 2026: Database successfully updated for JOB_20260502_204114_WBCS
Sat May  2 08:59:41 PM EDT 2026: New submission detected: JOB_20260502_205907_NBQE
Sat May  2 08:59:41 PM EDT 2026: JOB_20260502_205907_NBQE submitted to SLURM with ID: 171019
JOB_INSERT_SUCCESS:171019
Sat May  2 08:59:41 PM EDT 2026: Database successfully updated for JOB_20260502_205907_NBQE
Sat May  2 09:15:12 PM EDT 2026: New submission detected: JOB_20260502_211435_IULQ
Sat May  2 09:15:12 PM EDT 2026: JOB_20260502_211435_IULQ submitted to SLURM with ID: 171022
JOB_INSERT_SUCCESS:171022
Sat May  2 09:15:13 PM EDT 2026: Database successfully updated for JOB_20260502_211435_IULQ
Sat May  2 09:29:44 PM EDT 2026: New submission detected: JOB_20260502_212909_SBNC
Sat May  2 09:29:44 PM EDT 2026: JOB_20260502_212909_SBNC submitted to SLURM with ID: 171023
JOB_INSERT_SUCCESS:171023
Sat May  2 09:29:44 PM EDT 2026: Database successfully updated for JOB_20260502_212909_SBNC
