2026-05-10 11:40:17,520 [INFO] marker: Started NVIDIA MPS server for chunk 0
2026-05-10 11:40:17,655 [INFO] marker: Converting 5 pdfs in chunk 1/1 with 1 processes and saving to /umbc/class/cmsc447sp26/common/Accessibility-Needs-Project/backend/fileUploadLocation/JOB_20260510_113750_HLSS//marker_output
Processing PDFs:   0%|          | 0/5 [00:00<?, ?pdf/s]2026-05-10 11:40:34,449 [ERROR] marker: Error converting /umbc/class/cmsc447sp26/common/Accessibility-Needs-Project/backend/fileUploadLocation/JOB_20260510_113750_HLSS/slurm_175089.err: Failed to load document (PDFium: Data format error).
Traceback (most recent call last):
  File "/umbc/class/cmsc447sp26/common/Accessibility-Needs-Project/backend/conda/marker_env/lib/python3.10/site-packages/marker/scripts/convert.py", line 87, in process_single_pdf
    rendered = converter(fpath)
  File "/umbc/class/cmsc447sp26/common/Accessibility-Needs-Project/backend/conda/marker_env/lib/python3.10/site-packages/marker/converters/pdf.py", line 195, in __call__
    document = self.build_document(temp_path)
  File "/umbc/class/cmsc447sp26/common/Accessibility-Needs-Project/backend/conda/marker_env/lib/python3.10/site-packages/marker/converters/pdf.py", line 181, in build_document
    provider = provider_cls(filepath, self.config)
  File "/umbc/class/cmsc447sp26/common/Accessibility-Needs-Project/backend/conda/marker_env/lib/python3.10/site-packages/marker/providers/pdf.py", line 89, in __init__
    with self.get_doc() as doc:
  File "/umbc/class/cmsc447sp26/common/Accessibility-Needs-Project/backend/conda/marker_env/lib/python3.10/contextlib.py", line 135, in __enter__
    return next(self.gen)
  File "/umbc/class/cmsc447sp26/common/Accessibility-Needs-Project/backend/conda/marker_env/lib/python3.10/site-packages/marker/providers/pdf.py", line 113, in get_doc
    doc = pdfium.PdfDocument(self.filepath)
  File "/umbc/class/cmsc447sp26/common/Accessibility-Needs-Project/backend/conda/marker_env/lib/python3.10/site-packages/pypdfium2/_helpers/document.py", line 78, in __init__
    self.raw, to_hold, to_close = _open_pdf(self._input, self._password, self._autoclose)
  File "/umbc/class/cmsc447sp26/common/Accessibility-Needs-Project/backend/conda/marker_env/lib/python3.10/site-packages/pypdfium2/_helpers/document.py", line 678, in _open_pdf
    raise PdfiumError(f"Failed to load document (PDFium: {pdfium_i.ErrorToStr.get(err_code)}).")
pypdfium2._helpers.misc.PdfiumError: Failed to load document (PDFium: Data format error).
Processing PDFs:  20%|██        | 1/5 [00:17<01:08, 17.02s/pdf]2026-05-10 11:40:34,761 [ERROR] marker: Error converting /umbc/class/cmsc447sp26/common/Accessibility-Needs-Project/backend/fileUploadLocation/JOB_20260510_113750_HLSS/submission_id.txt: Failed to load document (PDFium: Data format error).
Traceback (most recent call last):
  File "/umbc/class/cmsc447sp26/common/Accessibility-Needs-Project/backend/conda/marker_env/lib/python3.10/site-packages/marker/scripts/convert.py", line 87, in process_single_pdf
    rendered = converter(fpath)
  File "/umbc/class/cmsc447sp26/common/Accessibility-Needs-Project/backend/conda/marker_env/lib/python3.10/site-packages/marker/converters/pdf.py", line 195, in __call__
    document = self.build_document(temp_path)
  File "/umbc/class/cmsc447sp26/common/Accessibility-Needs-Project/backend/conda/marker_env/lib/python3.10/site-packages/marker/converters/pdf.py", line 181, in build_document
    provider = provider_cls(filepath, self.config)
  File "/umbc/class/cmsc447sp26/common/Accessibility-Needs-Project/backend/conda/marker_env/lib/python3.10/site-packages/marker/providers/pdf.py", line 89, in __init__
    with self.get_doc() as doc:
  File "/umbc/class/cmsc447sp26/common/Accessibility-Needs-Project/backend/conda/marker_env/lib/python3.10/contextlib.py", line 135, in __enter__
    return next(self.gen)
  File "/umbc/class/cmsc447sp26/common/Accessibility-Needs-Project/backend/conda/marker_env/lib/python3.10/site-packages/marker/providers/pdf.py", line 113, in get_doc
    doc = pdfium.PdfDocument(self.filepath)
  File "/umbc/class/cmsc447sp26/common/Accessibility-Needs-Project/backend/conda/marker_env/lib/python3.10/site-packages/pypdfium2/_helpers/document.py", line 78, in __init__
    self.raw, to_hold, to_close = _open_pdf(self._input, self._password, self._autoclose)
  File "/umbc/class/cmsc447sp26/common/Accessibility-Needs-Project/backend/conda/marker_env/lib/python3.10/site-packages/pypdfium2/_helpers/document.py", line 678, in _open_pdf
    raise PdfiumError(f"Failed to load document (PDFium: {pdfium_i.ErrorToStr.get(err_code)}).")
pypdfium2._helpers.misc.PdfiumError: Failed to load document (PDFium: Data format error).
Processing PDFs:  40%|████      | 2/5 [00:17<00:21,  7.13s/pdf]Processing PDFs:  60%|██████    | 3/5 [01:57<01:39, 49.63s/pdf]2026-05-10 11:42:15,172 [ERROR] marker: Error converting /umbc/class/cmsc447sp26/common/Accessibility-Needs-Project/backend/fileUploadLocation/JOB_20260510_113750_HLSS/job.submitted: Failed to load document (PDFium: Data format error).
Traceback (most recent call last):
  File "/umbc/class/cmsc447sp26/common/Accessibility-Needs-Project/backend/conda/marker_env/lib/python3.10/site-packages/marker/scripts/convert.py", line 87, in process_single_pdf
    rendered = converter(fpath)
  File "/umbc/class/cmsc447sp26/common/Accessibility-Needs-Project/backend/conda/marker_env/lib/python3.10/site-packages/marker/converters/pdf.py", line 195, in __call__
    document = self.build_document(temp_path)
  File "/umbc/class/cmsc447sp26/common/Accessibility-Needs-Project/backend/conda/marker_env/lib/python3.10/site-packages/marker/converters/pdf.py", line 181, in build_document
    provider = provider_cls(filepath, self.config)
  File "/umbc/class/cmsc447sp26/common/Accessibility-Needs-Project/backend/conda/marker_env/lib/python3.10/site-packages/marker/providers/pdf.py", line 89, in __init__
    with self.get_doc() as doc:
  File "/umbc/class/cmsc447sp26/common/Accessibility-Needs-Project/backend/conda/marker_env/lib/python3.10/contextlib.py", line 135, in __enter__
    return next(self.gen)
  File "/umbc/class/cmsc447sp26/common/Accessibility-Needs-Project/backend/conda/marker_env/lib/python3.10/site-packages/marker/providers/pdf.py", line 113, in get_doc
    doc = pdfium.PdfDocument(self.filepath)
  File "/umbc/class/cmsc447sp26/common/Accessibility-Needs-Project/backend/conda/marker_env/lib/python3.10/site-packages/pypdfium2/_helpers/document.py", line 78, in __init__
    self.raw, to_hold, to_close = _open_pdf(self._input, self._password, self._autoclose)
  File "/umbc/class/cmsc447sp26/common/Accessibility-Needs-Project/backend/conda/marker_env/lib/python3.10/site-packages/pypdfium2/_helpers/document.py", line 678, in _open_pdf
    raise PdfiumError(f"Failed to load document (PDFium: {pdfium_i.ErrorToStr.get(err_code)}).")
pypdfium2._helpers.misc.PdfiumError: Failed to load document (PDFium: Data format error).
Processing PDFs:  80%|████████  | 4/5 [01:57<00:30, 30.12s/pdf]2026-05-10 11:42:15,342 [ERROR] marker: Error converting /umbc/class/cmsc447sp26/common/Accessibility-Needs-Project/backend/fileUploadLocation/JOB_20260510_113750_HLSS/slurm_175089.out: Failed to load document (PDFium: Data format error).
Traceback (most recent call last):
  File "/umbc/class/cmsc447sp26/common/Accessibility-Needs-Project/backend/conda/marker_env/lib/python3.10/site-packages/marker/scripts/convert.py", line 87, in process_single_pdf
    rendered = converter(fpath)
  File "/umbc/class/cmsc447sp26/common/Accessibility-Needs-Project/backend/conda/marker_env/lib/python3.10/site-packages/marker/converters/pdf.py", line 195, in __call__
    document = self.build_document(temp_path)
  File "/umbc/class/cmsc447sp26/common/Accessibility-Needs-Project/backend/conda/marker_env/lib/python3.10/site-packages/marker/converters/pdf.py", line 181, in build_document
    provider = provider_cls(filepath, self.config)
  File "/umbc/class/cmsc447sp26/common/Accessibility-Needs-Project/backend/conda/marker_env/lib/python3.10/site-packages/marker/providers/pdf.py", line 89, in __init__
    with self.get_doc() as doc:
  File "/umbc/class/cmsc447sp26/common/Accessibility-Needs-Project/backend/conda/marker_env/lib/python3.10/contextlib.py", line 135, in __enter__
    return next(self.gen)
  File "/umbc/class/cmsc447sp26/common/Accessibility-Needs-Project/backend/conda/marker_env/lib/python3.10/site-packages/marker/providers/pdf.py", line 113, in get_doc
    doc = pdfium.PdfDocument(self.filepath)
  File "/umbc/class/cmsc447sp26/common/Accessibility-Needs-Project/backend/conda/marker_env/lib/python3.10/site-packages/pypdfium2/_helpers/document.py", line 78, in __init__
    self.raw, to_hold, to_close = _open_pdf(self._input, self._password, self._autoclose)
  File "/umbc/class/cmsc447sp26/common/Accessibility-Needs-Project/backend/conda/marker_env/lib/python3.10/site-packages/pypdfium2/_helpers/document.py", line 678, in _open_pdf
    raise PdfiumError(f"Failed to load document (PDFium: {pdfium_i.ErrorToStr.get(err_code)}).")
pypdfium2._helpers.misc.PdfiumError: Failed to load document (PDFium: Data format error).
Processing PDFs: 100%|██████████| 5/5 [01:57<00:00, 19.32s/pdf]Processing PDFs: 100%|██████████| 5/5 [01:57<00:00, 23.56s/pdf]
2026-05-10 11:42:15,699 [INFO] marker: Stopped NVIDIA MPS server for chunk 0
